[INFO  - 2018-02-25T13:34:37.587Z] GhostDriver - Main - running on port 49365
[INFO  - 2018-02-25T13:34:38.347Z] Session [a0354c40-1a30-11e8-84f2-07870123bbd6] - page.settings - {"XSSAuditingEnabled":false,"javascriptCanCloseWindows":true,"javascriptCanOpenWindows":true,"javascriptEnabled":true,"loadImages":true,"localToRemoteUrlAccessEnabled":false,"userAgent":"Mozilla/5.0 (Macintosh; Intel Mac OS X) AppleWebKit/538.1 (KHTML, like Gecko) PhantomJS/2.1.1 Safari/538.1","webSecurityEnabled":true}
[INFO  - 2018-02-25T13:34:38.347Z] Session [a0354c40-1a30-11e8-84f2-07870123bbd6] - page.customHeaders:  - {}
[INFO  - 2018-02-25T13:34:38.348Z] Session [a0354c40-1a30-11e8-84f2-07870123bbd6] - Session.negotiatedCapabilities - {"browserName":"phantomjs","version":"2.1.1","driverName":"ghostdriver","driverVersion":"1.2.0","platform":"mac-unknown-64bit","javascriptEnabled":true,"takesScreenshot":true,"handlesAlerts":false,"databaseEnabled":false,"locationContextEnabled":false,"applicationCacheEnabled":false,"browserConnectionEnabled":false,"cssSelectorsEnabled":true,"webStorageEnabled":false,"rotatable":false,"acceptSslCerts":false,"nativeEvents":true,"proxy":{"proxyType":"direct"}}
[INFO  - 2018-02-25T13:34:38.348Z] SessionManagerReqHand - _postNewSessionCommand - New Session Created: a0354c40-1a30-11e8-84f2-07870123bbd6
[INFO  - 2018-02-25T13:39:37.602Z] SessionManagerReqHand - _cleanupWindowlessSessions - Asynchronous Sessions clean-up phase starting NOW
[INFO  - 2018-02-25T13:44:37.616Z] SessionManagerReqHand - _cleanupWindowlessSessions - Asynchronous Sessions clean-up phase starting NOW
[INFO  - 2018-02-25T13:49:37.630Z] SessionManagerReqHand - _cleanupWindowlessSessions - Asynchronous Sessions clean-up phase starting NOW
[INFO  - 2018-02-25T13:54:37.639Z] SessionManagerReqHand - _cleanupWindowlessSessions - Asynchronous Sessions clean-up phase starting NOW
[INFO  - 2018-02-25T13:59:37.649Z] SessionManagerReqHand - _cleanupWindowlessSessions - Asynchronous Sessions clean-up phase starting NOW
[ERROR - 2018-02-25T14:01:45.805Z] Session [a0354c40-1a30-11e8-84f2-07870123bbd6] - page.onError - msg: TypeError: undefined is not a constructor (evaluating '$('append_parent').appendChild(scriptNode)')

  phantomjs://platform/console++.js:263 in error
[ERROR - 2018-02-25T14:01:45.805Z] Session [a0354c40-1a30-11e8-84f2-07870123bbd6] - page.onError - stack:
  _smilies_show (http://bbs.uestc.edu.cn/data/cache/smilies.js?V0b:1)

  phantomjs://platform/console++.js:263 in error
[INFO  - 2018-02-25T14:04:37.659Z] SessionManagerReqHand - _cleanupWindowlessSessions - Asynchronous Sessions clean-up phase starting NOW
[INFO  - 2018-02-25T14:09:37.723Z] SessionManagerReqHand - _cleanupWindowlessSessions - Asynchronous Sessions clean-up phase starting NOW
[INFO  - 2018-02-25T14:14:37.733Z] SessionManagerReqHand - _cleanupWindowlessSessions - Asynchronous Sessions clean-up phase starting NOW
[INFO  - 2018-02-25T14:19:37.745Z] SessionManagerReqHand - _cleanupWindowlessSessions - Asynchronous Sessions clean-up phase starting NOW
[INFO  - 2018-02-25T14:24:37.761Z] SessionManagerReqHand - _cleanupWindowlessSessions - Asynchronous Sessions clean-up phase starting NOW
[ERROR - 2018-02-25T14:27:08.762Z] Session [a0354c40-1a30-11e8-84f2-07870123bbd6] - page.onError - msg: TypeError: undefined is not a constructor (evaluating '$('append_parent').appendChild(scriptNode)')

  phantomjs://platform/console++.js:263 in error
[ERROR - 2018-02-25T14:27:08.762Z] Session [a0354c40-1a30-11e8-84f2-07870123bbd6] - page.onError - stack:
  _smilies_show (http://bbs.uestc.edu.cn/data/cache/smilies.js?V0b:1)

  phantomjs://platform/console++.js:263 in error
[INFO  - 2018-02-25T14:29:37.774Z] SessionManagerReqHand - _cleanupWindowlessSessions - Asynchronous Sessions clean-up phase starting NOW
[INFO  - 2018-02-25T14:34:37.784Z] SessionManagerReqHand - _cleanupWindowlessSessions - Asynchronous Sessions clean-up phase starting NOW
[INFO  - 2018-02-25T14:39:37.784Z] SessionManagerReqHand - _cleanupWindowlessSessions - Asynchronous Sessions clean-up phase starting NOW
[ERROR - 2018-02-25T14:39:51.599Z] Session [a0354c40-1a30-11e8-84f2-07870123bbd6] - page.onError - msg: TypeError: undefined is not a constructor (evaluating '$('append_parent').appendChild(scriptNode)')

  phantomjs://platform/console++.js:263 in error
[ERROR - 2018-02-25T14:39:51.599Z] Session [a0354c40-1a30-11e8-84f2-07870123bbd6] - page.onError - stack:
  _smilies_show (http://bbs.uestc.edu.cn/data/cache/smilies.js?V0b:1)

  phantomjs://platform/console++.js:263 in error
[INFO  - 2018-02-25T14:44:37.802Z] SessionManagerReqHand - _cleanupWindowlessSessions - Asynchronous Sessions clean-up phase starting NOW
[INFO  - 2018-02-25T14:49:37.812Z] SessionManagerReqHand - _cleanupWindowlessSessions - Asynchronous Sessions clean-up phase starting NOW
[INFO  - 2018-02-25T14:54:37.819Z] SessionManagerReqHand - _cleanupWindowlessSessions - Asynchronous Sessions clean-up phase starting NOW
